<?xml version="1.0" encoding="UTF-8"?>
<!-- Generated by org.testng.reporters.JUnitReportReporter -->
<testsuite hostname="IN3068536W1" failures="0" tests="1" name="testRunner.CucumberRunner" time="28.411" errors="0" timestamp="2023-02-08T16:45:24 IST" skipped="0">
  <testcase classname="testRunner.CucumberRunner" name="runScenario" time="28.411"/>
  <system-out/>
</testsuite> <!-- testRunner.CucumberRunner -->
